mode: set
github.com/MaryAlvarezH/text-comparator/internal/pkg/service/user/user.go:19.53,23.2 1 0
github.com/MaryAlvarezH/text-comparator/internal/pkg/service/user/user.go:26.51,29.16 2 0
github.com/MaryAlvarezH/text-comparator/internal/pkg/service/user/user.go:34.2,37.28 2 0
github.com/MaryAlvarezH/text-comparator/internal/pkg/service/user/user.go:29.16,31.3 1 0
github.com/MaryAlvarezH/text-comparator/internal/pkg/service/user/user.go:41.81,45.75 2 0
github.com/MaryAlvarezH/text-comparator/internal/pkg/service/user/user.go:50.2,50.79 1 0
github.com/MaryAlvarezH/text-comparator/internal/pkg/service/user/user.go:55.2,55.26 1 0
github.com/MaryAlvarezH/text-comparator/internal/pkg/service/user/user.go:45.75,47.3 1 0
github.com/MaryAlvarezH/text-comparator/internal/pkg/service/user/user.go:50.79,52.3 1 0
github.com/MaryAlvarezH/text-comparator/internal/pkg/service/user/user.go:59.53,67.16 7 0
github.com/MaryAlvarezH/text-comparator/internal/pkg/service/user/user.go:71.2,71.22 1 0
github.com/MaryAlvarezH/text-comparator/internal/pkg/service/user/user.go:67.16,69.3 1 0
github.com/MaryAlvarezH/text-comparator/internal/pkg/service/user/user.go:74.71,75.104 1 0
github.com/MaryAlvarezH/text-comparator/internal/pkg/service/user/user.go:78.2,78.12 1 0
github.com/MaryAlvarezH/text-comparator/internal/pkg/service/user/user.go:75.104,77.3 1 0
github.com/MaryAlvarezH/text-comparator/internal/pkg/service/user/user.go:81.38,83.16 2 0
github.com/MaryAlvarezH/text-comparator/internal/pkg/service/user/user.go:87.2,87.21 1 0
github.com/MaryAlvarezH/text-comparator/internal/pkg/service/user/user.go:83.16,85.3 1 0
github.com/MaryAlvarezH/text-comparator/internal/pkg/service/comparison/comparison.go:22.59,26.2 1 1
github.com/MaryAlvarezH/text-comparator/internal/pkg/service/comparison/comparison.go:29.88,32.99 2 1
github.com/MaryAlvarezH/text-comparator/internal/pkg/service/comparison/comparison.go:36.2,36.33 1 1
github.com/MaryAlvarezH/text-comparator/internal/pkg/service/comparison/comparison.go:32.99,34.3 1 1
github.com/MaryAlvarezH/text-comparator/internal/pkg/service/comparison/comparison.go:40.121,55.97 6 0
github.com/MaryAlvarezH/text-comparator/internal/pkg/service/comparison/comparison.go:59.2,59.22 1 0
github.com/MaryAlvarezH/text-comparator/internal/pkg/service/comparison/comparison.go:55.97,57.3 1 0
github.com/MaryAlvarezH/text-comparator/internal/pkg/service/comparison/comparison.go:62.114,73.53 2 0
github.com/MaryAlvarezH/text-comparator/internal/pkg/service/comparison/comparison.go:77.2,77.12 1 0
github.com/MaryAlvarezH/text-comparator/internal/pkg/service/comparison/comparison.go:73.53,75.3 1 0
github.com/MaryAlvarezH/text-comparator/internal/pkg/service/comparison/comparison.go:80.38,83.26 3 0
github.com/MaryAlvarezH/text-comparator/internal/pkg/service/comparison/comparison.go:90.2,90.10 1 0
github.com/MaryAlvarezH/text-comparator/internal/pkg/service/comparison/comparison.go:83.26,84.16 1 0
github.com/MaryAlvarezH/text-comparator/internal/pkg/service/comparison/comparison.go:85.57,86.7 1 0
github.com/MaryAlvarezH/text-comparator/internal/pkg/service/comparison/comparison.go:96.39,100.2 3 0
github.com/MaryAlvarezH/text-comparator/internal/pkg/service/comparison/comparison.go:102.57,114.30 6 0
github.com/MaryAlvarezH/text-comparator/internal/pkg/service/comparison/comparison.go:119.2,119.30 1 0
github.com/MaryAlvarezH/text-comparator/internal/pkg/service/comparison/comparison.go:141.2,141.22 1 0
github.com/MaryAlvarezH/text-comparator/internal/pkg/service/comparison/comparison.go:114.30,116.3 1 0
github.com/MaryAlvarezH/text-comparator/internal/pkg/service/comparison/comparison.go:119.30,124.31 3 0
github.com/MaryAlvarezH/text-comparator/internal/pkg/service/comparison/comparison.go:124.31,130.26 3 0
github.com/MaryAlvarezH/text-comparator/internal/pkg/service/comparison/comparison.go:136.4,137.20 2 0
github.com/MaryAlvarezH/text-comparator/internal/pkg/service/comparison/comparison.go:130.26,132.5 1 0
github.com/MaryAlvarezH/text-comparator/internal/pkg/service/comparison/comparison.go:144.31,145.11 1 0
github.com/MaryAlvarezH/text-comparator/internal/pkg/service/comparison/comparison.go:154.2,154.10 1 0
github.com/MaryAlvarezH/text-comparator/internal/pkg/service/comparison/comparison.go:145.11,146.12 1 0
github.com/MaryAlvarezH/text-comparator/internal/pkg/service/comparison/comparison.go:146.12,148.4 1 0
github.com/MaryAlvarezH/text-comparator/internal/pkg/service/comparison/comparison.go:149.8,150.12 1 0
github.com/MaryAlvarezH/text-comparator/internal/pkg/service/comparison/comparison.go:150.12,152.4 1 0
